<?xml version="1.0" encoding="UTF-8"?>
<coverage generated="1745215954097" clover="3.2.0">
  <project timestamp="1745215954097" name="All files">
    <metrics statements="88" coveredstatements="79" conditionals="34" coveredconditionals="23" methods="13" coveredmethods="12" elements="135" coveredelements="114" complexity="0" loc="88" ncloc="88" packages="1" files="3" classes="3"/>
    <file name="constants.ts" path="/Users/dave/projects/personal/code-to-prompt/src/lib/constants.ts">
      <metrics statements="2" coveredstatements="2" conditionals="0" coveredconditionals="0" methods="0" coveredmethods="0"/>
      <line num="1" count="1" type="stmt"/>
      <line num="19" count="1" type="stmt"/>
    </file>
    <file name="fileTree.ts" path="/Users/dave/projects/personal/code-to-prompt/src/lib/fileTree.ts">
      <metrics statements="42" coveredstatements="38" conditionals="27" coveredconditionals="20" methods="6" coveredmethods="5"/>
      <line num="1" count="1" type="stmt"/>
      <line num="2" count="1" type="stmt"/>
      <line num="4" count="1" type="stmt"/>
      <line num="5" count="1" type="stmt"/>
      <line num="18" count="1" type="stmt"/>
      <line num="22" count="4" type="stmt"/>
      <line num="24" count="13" type="stmt"/>
      <line num="26" count="13" type="cond" truecount="3" falsecount="0"/>
      <line num="27" count="12" type="stmt"/>
      <line num="29" count="12" type="cond" truecount="3" falsecount="0"/>
      <line num="32" count="11" type="stmt"/>
      <line num="33" count="11" type="stmt"/>
      <line num="35" count="0" type="stmt"/>
      <line num="38" count="11" type="cond" truecount="0" falsecount="1"/>
      <line num="40" count="0" type="stmt"/>
      <line num="44" count="0" type="cond" truecount="0" falsecount="3"/>
      <line num="45" count="0" type="stmt"/>
      <line num="48" count="11" type="cond" truecount="2" falsecount="0"/>
      <line num="49" count="5" type="stmt"/>
      <line num="50" count="5" type="stmt"/>
      <line num="51" count="9" type="stmt"/>
      <line num="55" count="6" type="stmt"/>
      <line num="56" count="6" type="stmt"/>
      <line num="57" count="6" type="cond" truecount="2" falsecount="1"/>
      <line num="58" count="6" type="stmt"/>
      <line num="62" count="4" type="stmt"/>
      <line num="63" count="4" type="stmt"/>
      <line num="64" count="6" type="stmt"/>
      <line num="67" count="4" type="stmt"/>
      <line num="68" count="4" type="stmt"/>
      <line num="69" count="6" type="stmt"/>
      <line num="70" count="6" type="stmt"/>
      <line num="71" count="7" type="cond" truecount="3" falsecount="1"/>
      <line num="74" count="4" type="stmt"/>
      <line num="76" count="11" type="stmt"/>
      <line num="77" count="11" type="stmt"/>
      <line num="78" count="7" type="stmt"/>
      <line num="79" count="7" type="cond" truecount="2" falsecount="0"/>
      <line num="80" count="7" type="stmt"/>
      <line num="81" count="7" type="cond" truecount="2" falsecount="0"/>
      <line num="84" count="4" type="stmt"/>
      <line num="85" count="4" type="stmt"/>
    </file>
    <file name="printers.ts" path="/Users/dave/projects/personal/code-to-prompt/src/lib/printers.ts">
      <metrics statements="44" coveredstatements="39" conditionals="7" coveredconditionals="3" methods="7" coveredmethods="7"/>
      <line num="1" count="1" type="stmt"/>
      <line num="3" count="1" type="stmt"/>
      <line num="5" count="1" type="stmt"/>
      <line num="6" count="1" type="stmt"/>
      <line num="14" count="5" type="stmt"/>
      <line num="15" count="5" type="stmt"/>
      <line num="16" count="5" type="stmt"/>
      <line num="17" count="9" type="stmt"/>
      <line num="19" count="5" type="stmt"/>
      <line num="31" count="3" type="stmt"/>
      <line num="32" count="3" type="stmt"/>
      <line num="33" count="3" type="cond" truecount="1" falsecount="0"/>
      <line num="34" count="1" type="stmt"/>
      <line num="36" count="3" type="stmt"/>
      <line num="37" count="3" type="stmt"/>
      <line num="38" count="3" type="stmt"/>
      <line num="50" count="1" type="stmt"/>
      <line num="51" count="1" type="stmt"/>
      <line num="52" count="1" type="stmt"/>
      <line num="53" count="1" type="cond" truecount="0" falsecount="1"/>
      <line num="54" count="0" type="stmt"/>
      <line num="56" count="1" type="stmt"/>
      <line num="60" count="1" type="stmt"/>
      <line num="61" count="1" type="stmt"/>
      <line num="62" count="1" type="stmt"/>
      <line num="63" count="1" type="stmt"/>
      <line num="75" count="1" type="stmt"/>
      <line num="76" count="1" type="stmt"/>
      <line num="77" count="1" type="stmt"/>
      <line num="78" count="1" type="stmt"/>
      <line num="79" count="0" type="stmt"/>
      <line num="81" count="1" type="stmt"/>
      <line num="82" count="1" type="stmt"/>
      <line num="83" count="1" type="cond" truecount="0" falsecount="1"/>
      <line num="84" count="0" type="stmt"/>
      <line num="86" count="1" type="stmt"/>
      <line num="87" count="1" type="stmt"/>
      <line num="88" count="1" type="stmt"/>
      <line num="102" count="1" type="cond" truecount="1" falsecount="1"/>
      <line num="103" count="0" type="stmt"/>
      <line num="104" count="1" type="cond" truecount="1" falsecount="1"/>
      <line num="105" count="0" type="stmt"/>
      <line num="107" count="1" type="stmt"/>
      <line num="111" count="1" type="stmt"/>
    </file>
  </project>
</coverage>
