{"/Users/dave/projects/personal/code-to-prompt/src/lib/constants.ts": {"path":"/Users/dave/projects/personal/code-to-prompt/src/lib/constants.ts","statementMap":{"0":{"start":{"line":1,"column":13},"end":{"line":16,"column":2}},"1":{"start":{"line":19,"column":13},"end":{"line":36,"column":2}}},"fnMap":{},"branchMap":{},"s":{"0":1,"1":1},"f":{},"b":{}}
,"/Users/dave/projects/personal/code-to-prompt/src/lib/fileTree.ts": {"path":"/Users/dave/projects/personal/code-to-prompt/src/lib/fileTree.ts","statementMap":{"0":{"start":{"line":18,"column":0},"end":{"line":18,"column":22}},"1":{"start":{"line":1,"column":0},"end":{"line":1,"column":24}},"2":{"start":{"line":2,"column":0},"end":{"line":2,"column":30}},"3":{"start":{"line":4,"column":0},"end":{"line":4,"column":38}},"4":{"start":{"line":5,"column":0},"end":{"line":5,"column":53}},"5":{"start":{"line":22,"column":18},"end":{"line":22,"column":35}},"6":{"start":{"line":24,"column":16},"end":{"line":24,"column":56}},"7":{"start":{"line":26,"column":4},"end":{"line":26,"column":51}},"8":{"start":{"line":26,"column":44},"end":{"line":26,"column":51}},"9":{"start":{"line":27,"column":17},"end":{"line":27,"column":33}},"10":{"start":{"line":29,"column":4},"end":{"line":29,"column":63}},"11":{"start":{"line":29,"column":56},"end":{"line":29,"column":63}},"12":{"start":{"line":32,"column":4},"end":{"line":36,"column":5}},"13":{"start":{"line":33,"column":6},"end":{"line":33,"column":32}},"14":{"start":{"line":35,"column":6},"end":{"line":35,"column":13}},"15":{"start":{"line":38,"column":4},"end":{"line":47,"column":5}},"16":{"start":{"line":40,"column":8},"end":{"line":40,"column":46}},"17":{"start":{"line":44,"column":6},"end":{"line":46,"column":7}},"18":{"start":{"line":45,"column":8},"end":{"line":45,"column":15}},"19":{"start":{"line":48,"column":4},"end":{"line":60,"column":5}},"20":{"start":{"line":49,"column":22},"end":{"line":49,"column":67}},"21":{"start":{"line":50,"column":6},"end":{"line":52,"column":7}},"22":{"start":{"line":51,"column":8},"end":{"line":51,"column":44}},"23":{"start":{"line":55,"column":22},"end":{"line":55,"column":51}},"24":{"start":{"line":56,"column":27},"end":{"line":56,"column":67}},"25":{"start":{"line":57,"column":6},"end":{"line":59,"column":7}},"26":{"start":{"line":58,"column":8},"end":{"line":58,"column":23}},"27":{"start":{"line":62,"column":2},"end":{"line":62,"column":42}},"28":{"start":{"line":62,"column":25},"end":{"line":62,"column":42}},"29":{"start":{"line":63,"column":15},"end":{"line":65,"column":11}},"30":{"start":{"line":64,"column":16},"end":{"line":64,"column":56}},"31":{"start":{"line":67,"column":25},"end":{"line":67,"column":27}},"32":{"start":{"line":68,"column":2},"end":{"line":73,"column":3}},"33":{"start":{"line":69,"column":14},"end":{"line":69,"column":18}},"34":{"start":{"line":70,"column":4},"end":{"line":72,"column":5}},"35":{"start":{"line":71,"column":6},"end":{"line":71,"column":31}},"36":{"start":{"line":74,"column":16},"end":{"line":74,"column":21}},"37":{"start":{"line":76,"column":17},"end":{"line":76,"column":34}},"38":{"start":{"line":77,"column":4},"end":{"line":82,"column":7}},"39":{"start":{"line":78,"column":19},"end":{"line":78,"column":42}},"40":{"start":{"line":79,"column":19},"end":{"line":79,"column":41}},"41":{"start":{"line":80,"column":6},"end":{"line":80,"column":44}},"42":{"start":{"line":81,"column":6},"end":{"line":81,"column":60}},"43":{"start":{"line":84,"column":2},"end":{"line":84,"column":19}},"44":{"start":{"line":85,"column":2},"end":{"line":85,"column":26}}},"fnMap":{"0":{"name":"generateFileTree","decl":{"start":{"line":18,"column":22},"end":{"line":18,"column":38}},"loc":{"start":{"line":20,"column":26},"end":{"line":86,"column":null}}},"1":{"name":"recurse","decl":{"start":{"line":23,"column":17},"end":{"line":23,"column":24}},"loc":{"start":{"line":23,"column":34},"end":{"line":61,"column":null}}},"2":{"name":"(anonymous_12)","decl":{"start":{"line":39,"column":35},"end":{"line":39,"column":36}},"loc":{"start":{"line":40,"column":8},"end":{"line":40,"column":46}}},"3":{"name":"(anonymous_13)","decl":{"start":{"line":64,"column":9},"end":{"line":64,"column":10}},"loc":{"start":{"line":64,"column":16},"end":{"line":64,"column":56}}},"4":{"name":"render","decl":{"start":{"line":75,"column":11},"end":{"line":75,"column":17}},"loc":{"start":{"line":75,"column":48},"end":{"line":83,"column":3}}},"5":{"name":"(anonymous_15)","decl":{"start":{"line":77,"column":17},"end":{"line":77,"column":18}},"loc":{"start":{"line":77,"column":31},"end":{"line":82,"column":5}}}},"branchMap":{"0":{"loc":{"start":{"line":26,"column":4},"end":{"line":26,"column":51}},"type":"if","locations":[{"start":{"line":26,"column":4},"end":{"line":26,"column":51}}]},"1":{"loc":{"start":{"line":26,"column":8},"end":{"line":26,"column":42}},"type":"binary-expr","locations":[{"start":{"line":26,"column":8},"end":{"line":26,"column":11}},{"start":{"line":26,"column":15},"end":{"line":26,"column":42}}]},"2":{"loc":{"start":{"line":29,"column":4},"end":{"line":29,"column":63}},"type":"if","locations":[{"start":{"line":29,"column":4},"end":{"line":29,"column":63}}]},"3":{"loc":{"start":{"line":29,"column":8},"end":{"line":29,"column":54}},"type":"binary-expr","locations":[{"start":{"line":29,"column":8},"end":{"line":29,"column":30}},{"start":{"line":29,"column":34},"end":{"line":29,"column":54}}]},"4":{"loc":{"start":{"line":38,"column":4},"end":{"line":47,"column":5}},"type":"if","locations":[{"start":{"line":38,"column":4},"end":{"line":47,"column":5}}]},"5":{"loc":{"start":{"line":39,"column":6},"end":{"line":40,"column":null}},"type":"cond-expr","locations":[{"start":{"line":39,"column":28},"end":{"line":39,"column":30}},{"start":{"line":39,"column":28},"end":{"line":40,"column":null}}]},"6":{"loc":{"start":{"line":39,"column":6},"end":{"line":39,"column":30}},"type":"binary-expr","locations":[{"start":{"line":39,"column":6},"end":{"line":39,"column":30}},{"start":{"line":39,"column":28},"end":{"line":39,"column":30}}]},"7":{"loc":{"start":{"line":44,"column":6},"end":{"line":46,"column":7}},"type":"if","locations":[{"start":{"line":44,"column":6},"end":{"line":46,"column":7}}]},"8":{"loc":{"start":{"line":44,"column":10},"end":{"line":44,"column":52}},"type":"binary-expr","locations":[{"start":{"line":44,"column":10},"end":{"line":44,"column":34}},{"start":{"line":44,"column":38},"end":{"line":44,"column":52}}]},"9":{"loc":{"start":{"line":48,"column":4},"end":{"line":60,"column":5}},"type":"if","locations":[{"start":{"line":48,"column":4},"end":{"line":60,"column":5}},{"start":{"line":53,"column":11},"end":{"line":60,"column":5}}]},"10":{"loc":{"start":{"line":57,"column":6},"end":{"line":59,"column":7}},"type":"if","locations":[{"start":{"line":57,"column":6},"end":{"line":59,"column":7}}]},"11":{"loc":{"start":{"line":57,"column":10},"end":{"line":57,"column":62}},"type":"binary-expr","locations":[{"start":{"line":57,"column":10},"end":{"line":57,"column":23}},{"start":{"line":57,"column":27},"end":{"line":57,"column":62}}]},"12":{"loc":{"start":{"line":71,"column":12},"end":{"line":71,"column":30}},"type":"cond-expr","locations":[{"start":{"line":71,"column":21},"end":{"line":71,"column":27}},{"start":{"line":71,"column":13},"end":{"line":71,"column":29}}]},"13":{"loc":{"start":{"line":71,"column":12},"end":{"line":71,"column":27}},"type":"binary-expr","locations":[{"start":{"line":71,"column":12},"end":{"line":71,"column":27}},{"start":{"line":71,"column":21},"end":{"line":71,"column":27}}]},"14":{"loc":{"start":{"line":79,"column":19},"end":{"line":79,"column":41}},"type":"cond-expr","locations":[{"start":{"line":79,"column":26},"end":{"line":79,"column":32}},{"start":{"line":79,"column":35},"end":{"line":79,"column":41}}]},"15":{"loc":{"start":{"line":81,"column":35},"end":{"line":81,"column":57}},"type":"cond-expr","locations":[{"start":{"line":81,"column":42},"end":{"line":81,"column":48}},{"start":{"line":81,"column":51},"end":{"line":81,"column":57}}]}},"s":{"0":1,"1":1,"2":1,"3":1,"4":1,"5":4,"6":13,"7":13,"8":1,"9":12,"10":12,"11":1,"12":11,"13":11,"14":0,"15":11,"16":0,"17":0,"18":0,"19":11,"20":5,"21":5,"22":9,"23":6,"24":6,"25":6,"26":6,"27":4,"28":4,"29":4,"30":6,"31":4,"32":4,"33":6,"34":6,"35":7,"36":4,"37":11,"38":11,"39":7,"40":7,"41":7,"42":7,"43":4,"44":4},"f":{"0":4,"1":13,"2":0,"3":6,"4":11,"5":7},"b":{"0":[1],"1":[13,9],"2":[1],"3":[12,12],"4":[0],"5":[11,0],"6":[11,11],"7":[0],"8":[0,0],"9":[5,6],"10":[6],"11":[6,0],"12":[0,7],"13":[7,7],"14":[5,2],"15":[5,2]}}
,"/Users/dave/projects/personal/code-to-prompt/src/lib/printers.ts": {"path":"/Users/dave/projects/personal/code-to-prompt/src/lib/printers.ts","statementMap":{"0":{"start":{"line":5,"column":0},"end":{"line":5,"column":16}},"1":{"start":{"line":111,"column":9},"end":{"line":111,"column":23}},"2":{"start":{"line":111,"column":25},"end":{"line":111,"column":37}},"3":{"start":{"line":111,"column":39},"end":{"line":111,"column":49}},"4":{"start":{"line":111,"column":51},"end":{"line":111,"column":66}},"5":{"start":{"line":111,"column":68},"end":{"line":111,"column":77}},"6":{"start":{"line":1,"column":0},"end":{"line":1,"column":24}},"7":{"start":{"line":3,"column":11},"end":{"line":3,"column":27}},"8":{"start":{"line":6,"column":2},"end":{"line":6,"column":18}},"9":{"start":{"line":14,"column":16},"end":{"line":14,"column":35}},"10":{"start":{"line":15,"column":18},"end":{"line":15,"column":45}},"11":{"start":{"line":16,"column":24},"end":{"line":18,"column":4}},"12":{"start":{"line":17,"column":4},"end":{"line":17,"column":61}},"13":{"start":{"line":19,"column":2},"end":{"line":19,"column":34}},"14":{"start":{"line":31,"column":2},"end":{"line":31,"column":30}},"15":{"start":{"line":32,"column":2},"end":{"line":32,"column":16}},"16":{"start":{"line":33,"column":2},"end":{"line":35,"column":3}},"17":{"start":{"line":34,"column":4},"end":{"line":34,"column":38}},"18":{"start":{"line":36,"column":2},"end":{"line":36,"column":18}},"19":{"start":{"line":37,"column":2},"end":{"line":37,"column":16}},"20":{"start":{"line":38,"column":2},"end":{"line":38,"column":13}},"21":{"start":{"line":50,"column":2},"end":{"line":50,"column":46}},"22":{"start":{"line":51,"column":2},"end":{"line":51,"column":41}},"23":{"start":{"line":52,"column":2},"end":{"line":52,"column":31}},"24":{"start":{"line":53,"column":2},"end":{"line":55,"column":3}},"25":{"start":{"line":54,"column":4},"end":{"line":54,"column":38}},"26":{"start":{"line":56,"column":2},"end":{"line":59,"column":27}},"27":{"start":{"line":60,"column":2},"end":{"line":60,"column":18}},"28":{"start":{"line":61,"column":2},"end":{"line":61,"column":32}},"29":{"start":{"line":62,"column":2},"end":{"line":62,"column":24}},"30":{"start":{"line":63,"column":2},"end":{"line":63,"column":16}},"31":{"start":{"line":75,"column":20},"end":{"line":75,"column":55}},"32":{"start":{"line":76,"column":15},"end":{"line":76,"column":24}},"33":{"start":{"line":77,"column":18},"end":{"line":77,"column":23}},"34":{"start":{"line":78,"column":2},"end":{"line":80,"column":3}},"35":{"start":{"line":79,"column":4},"end":{"line":79,"column":21}},"36":{"start":{"line":81,"column":2},"end":{"line":81,"column":19}},"37":{"start":{"line":82,"column":2},"end":{"line":82,"column":32}},"38":{"start":{"line":83,"column":2},"end":{"line":85,"column":3}},"39":{"start":{"line":84,"column":4},"end":{"line":84,"column":38}},"40":{"start":{"line":86,"column":2},"end":{"line":86,"column":18}},"41":{"start":{"line":87,"column":2},"end":{"line":87,"column":20}},"42":{"start":{"line":88,"column":2},"end":{"line":88,"column":13}},"43":{"start":{"line":102,"column":2},"end":{"line":108,"column":3}},"44":{"start":{"line":103,"column":4},"end":{"line":103,"column":55}},"45":{"start":{"line":104,"column":9},"end":{"line":108,"column":3}},"46":{"start":{"line":105,"column":4},"end":{"line":105,"column":60}},"47":{"start":{"line":107,"column":4},"end":{"line":107,"column":57}}},"fnMap":{"0":{"name":"resetGlobalIndex","decl":{"start":{"line":5,"column":16},"end":{"line":5,"column":32}},"loc":{"start":{"line":5,"column":32},"end":{"line":7,"column":1}}},"1":{"name":"addLineNumbers","decl":{"start":{"line":13,"column":9},"end":{"line":13,"column":23}},"loc":{"start":{"line":13,"column":39},"end":{"line":20,"column":1}}},"2":{"name":"(anonymous_3)","decl":{"start":{"line":16,"column":34},"end":{"line":16,"column":35}},"loc":{"start":{"line":16,"column":50},"end":{"line":18,"column":3}}},"3":{"name":"printDefault","decl":{"start":{"line":25,"column":9},"end":{"line":25,"column":21}},"loc":{"start":{"line":29,"column":22},"end":{"line":39,"column":1}}},"4":{"name":"printAsXml","decl":{"start":{"line":44,"column":9},"end":{"line":44,"column":19}},"loc":{"start":{"line":48,"column":22},"end":{"line":64,"column":1}}},"5":{"name":"printAsMarkdown","decl":{"start":{"line":69,"column":9},"end":{"line":69,"column":24}},"loc":{"start":{"line":73,"column":22},"end":{"line":89,"column":1}}},"6":{"name":"printPath","decl":{"start":{"line":94,"column":9},"end":{"line":94,"column":18}},"loc":{"start":{"line":100,"column":22},"end":{"line":109,"column":1}}}},"branchMap":{"0":{"loc":{"start":{"line":33,"column":2},"end":{"line":35,"column":3}},"type":"if","locations":[{"start":{"line":33,"column":2},"end":{"line":35,"column":3}}]},"1":{"loc":{"start":{"line":53,"column":2},"end":{"line":55,"column":3}},"type":"if","locations":[{"start":{"line":53,"column":2},"end":{"line":55,"column":3}}]},"2":{"loc":{"start":{"line":83,"column":2},"end":{"line":85,"column":3}},"type":"if","locations":[{"start":{"line":83,"column":2},"end":{"line":85,"column":3}}]},"3":{"loc":{"start":{"line":102,"column":2},"end":{"line":108,"column":3}},"type":"if","locations":[{"start":{"line":102,"column":2},"end":{"line":108,"column":3}},{"start":{"line":104,"column":9},"end":{"line":108,"column":3}}]},"4":{"loc":{"start":{"line":104,"column":9},"end":{"line":108,"column":3}},"type":"if","locations":[{"start":{"line":104,"column":9},"end":{"line":108,"column":3}},{"start":{"line":106,"column":9},"end":{"line":108,"column":3}}]}},"s":{"0":1,"1":1,"2":1,"3":1,"4":1,"5":1,"6":1,"7":1,"8":1,"9":5,"10":5,"11":5,"12":9,"13":5,"14":3,"15":3,"16":3,"17":1,"18":3,"19":3,"20":3,"21":1,"22":1,"23":1,"24":1,"25":0,"26":1,"27":1,"28":1,"29":1,"30":1,"31":1,"32":1,"33":1,"34":1,"35":0,"36":1,"37":1,"38":1,"39":0,"40":1,"41":1,"42":1,"43":1,"44":0,"45":1,"46":0,"47":1},"f":{"0":1,"1":5,"2":9,"3":3,"4":1,"5":1,"6":1},"b":{"0":[1],"1":[0],"2":[0],"3":[0,1],"4":[0,1]}}
}
