TN:
SF:src/lib/constants.ts
FNF:0
FNH:0
DA:1,1
DA:19,1
LF:2
LH:2
BRF:0
BRH:0
end_of_record
TN:
SF:src/lib/fileTree.ts
FN:18,generateFileTree
FN:23,recurse
FN:39,(anonymous_12)
FN:64,(anonymous_13)
FN:75,render
FN:77,(anonymous_15)
FNF:6
FNH:5
FNDA:4,generateFileTree
FNDA:13,recurse
FNDA:0,(anonymous_12)
FNDA:6,(anonymous_13)
FNDA:11,render
FNDA:7,(anonymous_15)
DA:1,1
DA:2,1
DA:4,1
DA:5,1
DA:18,1
DA:22,4
DA:24,13
DA:26,13
DA:27,12
DA:29,12
DA:32,11
DA:33,11
DA:35,0
DA:38,11
DA:40,0
DA:44,0
DA:45,0
DA:48,11
DA:49,5
DA:50,5
DA:51,9
DA:55,6
DA:56,6
DA:57,6
DA:58,6
DA:62,4
DA:63,4
DA:64,6
DA:67,4
DA:68,4
DA:69,6
DA:70,6
DA:71,7
DA:74,4
DA:76,11
DA:77,11
DA:78,7
DA:79,7
DA:80,7
DA:81,7
DA:84,4
DA:85,4
LF:42
LH:38
BRDA:26,0,0,1
BRDA:26,1,0,13
BRDA:26,1,1,9
BRDA:29,2,0,1
BRDA:29,3,0,12
BRDA:29,3,1,12
BRDA:38,4,0,0
BRDA:39,5,0,11
BRDA:39,5,1,0
BRDA:39,6,0,11
BRDA:39,6,1,11
BRDA:44,7,0,0
BRDA:44,8,0,0
BRDA:44,8,1,0
BRDA:48,9,0,5
BRDA:48,9,1,6
BRDA:57,10,0,6
BRDA:57,11,0,6
BRDA:57,11,1,0
BRDA:71,12,0,0
BRDA:71,12,1,7
BRDA:71,13,0,7
BRDA:71,13,1,7
BRDA:79,14,0,5
BRDA:79,14,1,2
BRDA:81,15,0,5
BRDA:81,15,1,2
BRF:27
BRH:20
end_of_record
TN:
SF:src/lib/printers.ts
FN:5,resetGlobalIndex
FN:13,addLineNumbers
FN:16,(anonymous_3)
FN:25,printDefault
FN:44,printAsXml
FN:69,printAsMarkdown
FN:94,printPath
FNF:7
FNH:7
FNDA:1,resetGlobalIndex
FNDA:5,addLineNumbers
FNDA:9,(anonymous_3)
FNDA:3,printDefault
FNDA:1,printAsXml
FNDA:1,printAsMarkdown
FNDA:1,printPath
DA:1,1
DA:3,1
DA:5,1
DA:6,1
DA:14,5
DA:15,5
DA:16,5
DA:17,9
DA:19,5
DA:31,3
DA:32,3
DA:33,3
DA:34,1
DA:36,3
DA:37,3
DA:38,3
DA:50,1
DA:51,1
DA:52,1
DA:53,1
DA:54,0
DA:56,1
DA:60,1
DA:61,1
DA:62,1
DA:63,1
DA:75,1
DA:76,1
DA:77,1
DA:78,1
DA:79,0
DA:81,1
DA:82,1
DA:83,1
DA:84,0
DA:86,1
DA:87,1
DA:88,1
DA:102,1
DA:103,0
DA:104,1
DA:105,0
DA:107,1
DA:111,1
LF:44
LH:39
BRDA:33,0,0,1
BRDA:53,1,0,0
BRDA:83,2,0,0
BRDA:102,3,0,0
BRDA:102,3,1,1
BRDA:104,4,0,0
BRDA:104,4,1,1
BRF:7
BRH:3
end_of_record
